<?xml version="1.0" encoding="windows-1250" standalone="no"?>
<!DOCTYPE log SYSTEM "logger.dtd">
<log>
<record>
  <date>2016-04-11T15:31:25</date>
  <millis>1460381485825</millis>
  <sequence>5</sequence>
  <logger>ESPlorer.ESPlorer</logger>
  <level>INFO</level>
  <class>ESPlorer.ESPlorer</class>
  <method>log</method>
  <thread>13</thread>
  <message>Set new color theme: Success.</message>
</record>
<record>
  <date>2016-04-11T15:31:25</date>
  <millis>1460381485830</millis>
  <sequence>6</sequence>
  <logger>ESPlorer.ESPlorer</logger>
  <level>INFO</level>
  <class>ESPlorer.ESPlorer</class>
  <method>log</method>
  <thread>13</thread>
  <message>Load saved settings: DONE.</message>
</record>
<record>
  <date>2016-04-11T15:31:25</date>
  <millis>1460381485832</millis>
  <sequence>7</sequence>
  <logger>ESPlorer.ESPlorer</logger>
  <level>INFO</level>
  <class>ESPlorer.ESPlorer</class>
  <method>log</method>
  <thread>13</thread>
  <message>Snippets (LUA): loading...</message>
</record>
<record>
  <date>2016-04-11T15:31:25</date>
  <millis>1460381485836</millis>
  <sequence>8</sequence>
  <logger>ESPlorer.ESPlorer</logger>
  <level>INFO</level>
  <class>ESPlorer.ESPlorer</class>
  <method>log</method>
  <thread>13</thread>
  <message>Snippets (LUA) load: Success.</message>
</record>
<record>
  <date>2016-04-11T15:31:26</date>
  <millis>1460381486240</millis>
  <sequence>9</sequence>
  <logger>ESPlorer.ESPlorer</logger>
  <level>INFO</level>
  <class>ESPlorer.ESPlorer</class>
  <method>log</method>
  <thread>13</thread>
  <message>Scan system...</message>
</record>
<record>
  <date>2016-04-11T15:31:26</date>
  <millis>1460381486256</millis>
  <sequence>10</sequence>
  <logger>ESPlorer.ESPlorer</logger>
  <level>INFO</level>
  <class>ESPlorer.ESPlorer</class>
  <method>log</method>
  <thread>13</thread>
  <message>found COM1</message>
</record>
<record>
  <date>2016-04-11T15:31:26</date>
  <millis>1460381486257</millis>
  <sequence>11</sequence>
  <logger>ESPlorer.ESPlorer</logger>
  <level>INFO</level>
  <class>ESPlorer.ESPlorer</class>
  <method>log</method>
  <thread>13</thread>
  <message>found last saved serial port COM4</message>
</record>
<record>
  <date>2016-04-11T15:31:26</date>
  <millis>1460381486261</millis>
  <sequence>12</sequence>
  <logger>ESPlorer.ESPlorer</logger>
  <level>INFO</level>
  <class>ESPlorer.ESPlorer</class>
  <method>log</method>
  <thread>13</thread>
  <message>Scan done.</message>
</record>
<record>
  <date>2016-04-11T15:31:38</date>
  <millis>1460381498075</millis>
  <sequence>13</sequence>
  <logger>ESPlorer.ESPlorer</logger>
  <level>INFO</level>
  <class>ESPlorer.ESPlorer</class>
  <method>log</method>
  <thread>13</thread>
  <message>Try to open file init.lua</message>
</record>
<record>
  <date>2016-04-11T15:31:38</date>
  <millis>1460381498076</millis>
  <sequence>14</sequence>
  <logger>ESPlorer.ESPlorer</logger>
  <level>INFO</level>
  <class>ESPlorer.ESPlorer</class>
  <method>log</method>
  <thread>13</thread>
  <message>File name: C:\Users\Tom\Documents\Projects\ESP8266-light\light\init.lua</message>
</record>
<record>
  <date>2016-04-11T15:31:38</date>
  <millis>1460381498078</millis>
  <sequence>15</sequence>
  <logger>ESPlorer.ESPlorer</logger>
  <level>INFO</level>
  <class>ESPlorer.ESPlorer</class>
  <method>log</method>
  <thread>13</thread>
  <message>Try to load file init.lua</message>
</record>
<record>
  <date>2016-04-11T15:31:38</date>
  <millis>1460381498140</millis>
  <sequence>16</sequence>
  <logger>ESPlorer.ESPlorer</logger>
  <level>INFO</level>
  <class>ESPlorer.ESPlorer</class>
  <method>log</method>
  <thread>13</thread>
  <message>Loading init.lua: Success.</message>
</record>
<record>
  <date>2016-04-11T15:31:38</date>
  <millis>1460381498141</millis>
  <sequence>17</sequence>
  <logger>ESPlorer.ESPlorer</logger>
  <level>INFO</level>
  <class>ESPlorer.ESPlorer</class>
  <method>log</method>
  <thread>13</thread>
  <message>Open "init.lua": Success.</message>
</record>
<record>
  <date>2016-04-11T15:31:40</date>
  <millis>1460381500456</millis>
  <sequence>18</sequence>
  <logger>ESPlorer.ESPlorer</logger>
  <level>INFO</level>
  <class>ESPlorer.ESPlorer</class>
  <method>log</method>
  <thread>13</thread>
  <message>Try to open file mqttLib.lua</message>
</record>
<record>
  <date>2016-04-11T15:31:40</date>
  <millis>1460381500457</millis>
  <sequence>19</sequence>
  <logger>ESPlorer.ESPlorer</logger>
  <level>INFO</level>
  <class>ESPlorer.ESPlorer</class>
  <method>log</method>
  <thread>13</thread>
  <message>File name: C:\Users\Tom\Documents\Projects\ESP8266-light\light\mqttLib.lua</message>
</record>
<record>
  <date>2016-04-11T15:31:40</date>
  <millis>1460381500459</millis>
  <sequence>20</sequence>
  <logger>ESPlorer.ESPlorer</logger>
  <level>INFO</level>
  <class>ESPlorer.ESPlorer</class>
  <method>log</method>
  <thread>13</thread>
  <message>Try to load file mqttLib.lua</message>
</record>
<record>
  <date>2016-04-11T15:31:40</date>
  <millis>1460381500516</millis>
  <sequence>21</sequence>
  <logger>ESPlorer.ESPlorer</logger>
  <level>INFO</level>
  <class>ESPlorer.ESPlorer</class>
  <method>log</method>
  <thread>13</thread>
  <message>Loading mqttLib.lua: Success.</message>
</record>
<record>
  <date>2016-04-11T15:31:40</date>
  <millis>1460381500516</millis>
  <sequence>22</sequence>
  <logger>ESPlorer.ESPlorer</logger>
  <level>INFO</level>
  <class>ESPlorer.ESPlorer</class>
  <method>log</method>
  <thread>13</thread>
  <message>Open "mqttLib.lua": Success.</message>
</record>
<record>
  <date>2016-04-11T15:31:42</date>
  <millis>1460381502761</millis>
  <sequence>23</sequence>
  <logger>ESPlorer.ESPlorer</logger>
  <level>INFO</level>
  <class>ESPlorer.ESPlorer</class>
  <method>log</method>
  <thread>13</thread>
  <message>Try to open file wifiLib.lua</message>
</record>
<record>
  <date>2016-04-11T15:31:42</date>
  <millis>1460381502762</millis>
  <sequence>24</sequence>
  <logger>ESPlorer.ESPlorer</logger>
  <level>INFO</level>
  <class>ESPlorer.ESPlorer</class>
  <method>log</method>
  <thread>13</thread>
  <message>File name: C:\Users\Tom\Documents\Projects\ESP8266-light\light\wifiLib.lua</message>
</record>
<record>
  <date>2016-04-11T15:31:42</date>
  <millis>1460381502763</millis>
  <sequence>25</sequence>
  <logger>ESPlorer.ESPlorer</logger>
  <level>INFO</level>
  <class>ESPlorer.ESPlorer</class>
  <method>log</method>
  <thread>13</thread>
  <message>Try to load file wifiLib.lua</message>
</record>
<record>
  <date>2016-04-11T15:31:42</date>
  <millis>1460381502787</millis>
  <sequence>26</sequence>
  <logger>ESPlorer.ESPlorer</logger>
  <level>INFO</level>
  <class>ESPlorer.ESPlorer</class>
  <method>log</method>
  <thread>13</thread>
  <message>Loading wifiLib.lua: Success.</message>
</record>
<record>
  <date>2016-04-11T15:31:42</date>
  <millis>1460381502788</millis>
  <sequence>27</sequence>
  <logger>ESPlorer.ESPlorer</logger>
  <level>INFO</level>
  <class>ESPlorer.ESPlorer</class>
  <method>log</method>
  <thread>13</thread>
  <message>Open "wifiLib.lua": Success.</message>
</record>
<record>
  <date>2016-04-11T15:31:45</date>
  <millis>1460381505724</millis>
  <sequence>28</sequence>
  <logger>ESPlorer.ESPlorer</logger>
  <level>INFO</level>
  <class>ESPlorer.ESPlorer</class>
  <method>log</method>
  <thread>13</thread>
  <message>Try to open file gpioLib.lua</message>
</record>
<record>
  <date>2016-04-11T15:31:45</date>
  <millis>1460381505725</millis>
  <sequence>29</sequence>
  <logger>ESPlorer.ESPlorer</logger>
  <level>INFO</level>
  <class>ESPlorer.ESPlorer</class>
  <method>log</method>
  <thread>13</thread>
  <message>File name: C:\Users\Tom\Documents\Projects\ESP8266-light\light\gpioLib.lua</message>
</record>
<record>
  <date>2016-04-11T15:31:45</date>
  <millis>1460381505726</millis>
  <sequence>30</sequence>
  <logger>ESPlorer.ESPlorer</logger>
  <level>INFO</level>
  <class>ESPlorer.ESPlorer</class>
  <method>log</method>
  <thread>13</thread>
  <message>Try to load file gpioLib.lua</message>
</record>
<record>
  <date>2016-04-11T15:31:45</date>
  <millis>1460381505744</millis>
  <sequence>31</sequence>
  <logger>ESPlorer.ESPlorer</logger>
  <level>INFO</level>
  <class>ESPlorer.ESPlorer</class>
  <method>log</method>
  <thread>13</thread>
  <message>Loading gpioLib.lua: Success.</message>
</record>
<record>
  <date>2016-04-11T15:31:45</date>
  <millis>1460381505745</millis>
  <sequence>32</sequence>
  <logger>ESPlorer.ESPlorer</logger>
  <level>INFO</level>
  <class>ESPlorer.ESPlorer</class>
  <method>log</method>
  <thread>13</thread>
  <message>Open "gpioLib.lua": Success.</message>
</record>
<record>
  <date>2016-04-11T15:31:49</date>
  <millis>1460381509483</millis>
  <sequence>33</sequence>
  <logger>ESPlorer.ESPlorer</logger>
  <level>INFO</level>
  <class>ESPlorer.ESPlorer</class>
  <method>log</method>
  <thread>13</thread>
  <message>Try to open file files.lua</message>
</record>
<record>
  <date>2016-04-11T15:31:49</date>
  <millis>1460381509484</millis>
  <sequence>34</sequence>
  <logger>ESPlorer.ESPlorer</logger>
  <level>INFO</level>
  <class>ESPlorer.ESPlorer</class>
  <method>log</method>
  <thread>13</thread>
  <message>File name: C:\Users\Tom\Documents\Projects\ESP8266-light\light\files.lua</message>
</record>
<record>
  <date>2016-04-11T15:31:49</date>
  <millis>1460381509485</millis>
  <sequence>35</sequence>
  <logger>ESPlorer.ESPlorer</logger>
  <level>INFO</level>
  <class>ESPlorer.ESPlorer</class>
  <method>log</method>
  <thread>13</thread>
  <message>Try to load file files.lua</message>
</record>
<record>
  <date>2016-04-11T15:31:49</date>
  <millis>1460381509508</millis>
  <sequence>36</sequence>
  <logger>ESPlorer.ESPlorer</logger>
  <level>INFO</level>
  <class>ESPlorer.ESPlorer</class>
  <method>log</method>
  <thread>13</thread>
  <message>Loading files.lua: Success.</message>
</record>
<record>
  <date>2016-04-11T15:31:49</date>
  <millis>1460381509509</millis>
  <sequence>37</sequence>
  <logger>ESPlorer.ESPlorer</logger>
  <level>INFO</level>
  <class>ESPlorer.ESPlorer</class>
  <method>log</method>
  <thread>13</thread>
  <message>Open "files.lua": Success.</message>
</record>
<record>
  <date>2016-04-11T15:33:16</date>
  <millis>1460381596193</millis>
  <sequence>38</sequence>
  <logger>ESPlorer.ESPlorer</logger>
  <level>INFO</level>
  <class>ESPlorer.ESPlorer</class>
  <method>log</method>
  <thread>13</thread>
  <message>We save known file init.lua</message>
</record>
<record>
  <date>2016-04-11T15:33:16</date>
  <millis>1460381596193</millis>
  <sequence>39</sequence>
  <logger>ESPlorer.ESPlorer</logger>
  <level>INFO</level>
  <class>ESPlorer.ESPlorer</class>
  <method>log</method>
  <thread>13</thread>
  <message>Try to saving file init.lua ...</message>
</record>
<record>
  <date>2016-04-11T15:33:16</date>
  <millis>1460381596196</millis>
  <sequence>40</sequence>
  <logger>ESPlorer.ESPlorer</logger>
  <level>INFO</level>
  <class>ESPlorer.ESPlorer</class>
  <method>log</method>
  <thread>13</thread>
  <message>Save file init.lua: Success.</message>
</record>
<record>
  <date>2016-04-11T15:33:16</date>
  <millis>1460381596200</millis>
  <sequence>41</sequence>
  <logger>ESPlorer.ESPlorer</logger>
  <level>INFO</level>
  <class>ESPlorer.ESPlorer</class>
  <method>log</method>
  <thread>13</thread>
  <message>FileSaveESP: Serial port not open. Cancel.</message>
</record>
<record>
  <date>2016-04-11T15:37:34</date>
  <millis>1460381854366</millis>
  <sequence>42</sequence>
  <logger>ESPlorer.ESPlorer</logger>
  <level>INFO</level>
  <class>ESPlorer.ESPlorer</class>
  <method>log</method>
  <thread>13</thread>
  <message>We save known file gpioLib.lua</message>
</record>
<record>
  <date>2016-04-11T15:37:34</date>
  <millis>1460381854367</millis>
  <sequence>43</sequence>
  <logger>ESPlorer.ESPlorer</logger>
  <level>INFO</level>
  <class>ESPlorer.ESPlorer</class>
  <method>log</method>
  <thread>13</thread>
  <message>Try to saving file gpioLib.lua ...</message>
</record>
<record>
  <date>2016-04-11T15:37:34</date>
  <millis>1460381854368</millis>
  <sequence>44</sequence>
  <logger>ESPlorer.ESPlorer</logger>
  <level>INFO</level>
  <class>ESPlorer.ESPlorer</class>
  <method>log</method>
  <thread>13</thread>
  <message>Save file gpioLib.lua: Success.</message>
</record>
<record>
  <date>2016-04-11T15:37:34</date>
  <millis>1460381854371</millis>
  <sequence>45</sequence>
  <logger>ESPlorer.ESPlorer</logger>
  <level>INFO</level>
  <class>ESPlorer.ESPlorer</class>
  <method>log</method>
  <thread>13</thread>
  <message>FileSaveESP: Serial port not open. Cancel.</message>
</record>
<record>
  <date>2016-04-11T16:05:41</date>
  <millis>1460383541631</millis>
  <sequence>46</sequence>
  <logger>ESPlorer.ESPlorer</logger>
  <level>INFO</level>
  <class>ESPlorer.ESPlorer</class>
  <method>log</method>
  <thread>13</thread>
  <message>We save known file mqttLib.lua</message>
</record>
<record>
  <date>2016-04-11T16:05:41</date>
  <millis>1460383541632</millis>
  <sequence>47</sequence>
  <logger>ESPlorer.ESPlorer</logger>
  <level>INFO</level>
  <class>ESPlorer.ESPlorer</class>
  <method>log</method>
  <thread>13</thread>
  <message>Try to saving file mqttLib.lua ...</message>
</record>
<record>
  <date>2016-04-11T16:05:41</date>
  <millis>1460383541633</millis>
  <sequence>48</sequence>
  <logger>ESPlorer.ESPlorer</logger>
  <level>INFO</level>
  <class>ESPlorer.ESPlorer</class>
  <method>log</method>
  <thread>13</thread>
  <message>Save file mqttLib.lua: Success.</message>
</record>
<record>
  <date>2016-04-11T16:05:41</date>
  <millis>1460383541636</millis>
  <sequence>49</sequence>
  <logger>ESPlorer.ESPlorer</logger>
  <level>INFO</level>
  <class>ESPlorer.ESPlorer</class>
  <method>log</method>
  <thread>13</thread>
  <message>FileSaveESP: Serial port not open. Cancel.</message>
</record>
<record>
  <date>2016-04-11T16:05:42</date>
  <millis>1460383542971</millis>
  <sequence>50</sequence>
  <logger>ESPlorer.ESPlorer</logger>
  <level>INFO</level>
  <class>ESPlorer.ESPlorer</class>
  <method>log</method>
  <thread>13</thread>
  <message>File changed. Ask before closing.</message>
</record>
<record>
  <date>2016-04-11T16:05:44</date>
  <millis>1460383544052</millis>
  <sequence>51</sequence>
  <logger>ESPlorer.ESPlorer</logger>
  <level>INFO</level>
  <class>ESPlorer.ESPlorer</class>
  <method>log</method>
  <thread>13</thread>
  <message>We save known file mqttLib.lua</message>
</record>
<record>
  <date>2016-04-11T16:05:44</date>
  <millis>1460383544053</millis>
  <sequence>52</sequence>
  <logger>ESPlorer.ESPlorer</logger>
  <level>INFO</level>
  <class>ESPlorer.ESPlorer</class>
  <method>log</method>
  <thread>13</thread>
  <message>Try to saving file mqttLib.lua ...</message>
</record>
<record>
  <date>2016-04-11T16:05:44</date>
  <millis>1460383544055</millis>
  <sequence>53</sequence>
  <logger>ESPlorer.ESPlorer</logger>
  <level>INFO</level>
  <class>ESPlorer.ESPlorer</class>
  <method>log</method>
  <thread>13</thread>
  <message>Save file mqttLib.lua: Success.</message>
</record>
<record>
  <date>2016-04-11T16:05:44</date>
  <millis>1460383544058</millis>
  <sequence>54</sequence>
  <logger>ESPlorer.ESPlorer</logger>
  <level>INFO</level>
  <class>ESPlorer.ESPlorer</class>
  <method>log</method>
  <thread>13</thread>
  <message>FileTab removed: Success.</message>
</record>
<record>
  <date>2016-04-11T16:05:44</date>
  <millis>1460383544059</millis>
  <sequence>55</sequence>
  <logger>ESPlorer.ESPlorer</logger>
  <level>INFO</level>
  <class>ESPlorer.ESPlorer</class>
  <method>log</method>
  <thread>13</thread>
  <message>File close: Success.</message>
</record>
<record>
  <date>2016-04-11T16:05:44</date>
  <millis>1460383544060</millis>
  <sequence>56</sequence>
  <logger>ESPlorer.ESPlorer</logger>
  <level>INFO</level>
  <class>ESPlorer.ESPlorer</class>
  <method>log</method>
  <thread>13</thread>
  <message>File changed. Ask before closing.</message>
</record>
<record>
  <date>2016-04-11T16:05:44</date>
  <millis>1460383544518</millis>
  <sequence>57</sequence>
  <logger>ESPlorer.ESPlorer</logger>
  <level>INFO</level>
  <class>ESPlorer.ESPlorer</class>
  <method>log</method>
  <thread>13</thread>
  <message>We save known file wifiLib.lua</message>
</record>
<record>
  <date>2016-04-11T16:05:44</date>
  <millis>1460383544519</millis>
  <sequence>58</sequence>
  <logger>ESPlorer.ESPlorer</logger>
  <level>INFO</level>
  <class>ESPlorer.ESPlorer</class>
  <method>log</method>
  <thread>13</thread>
  <message>Try to saving file wifiLib.lua ...</message>
</record>
<record>
  <date>2016-04-11T16:05:44</date>
  <millis>1460383544520</millis>
  <sequence>59</sequence>
  <logger>ESPlorer.ESPlorer</logger>
  <level>INFO</level>
  <class>ESPlorer.ESPlorer</class>
  <method>log</method>
  <thread>13</thread>
  <message>Save file wifiLib.lua: Success.</message>
</record>
<record>
  <date>2016-04-11T16:05:44</date>
  <millis>1460383544523</millis>
  <sequence>60</sequence>
  <logger>ESPlorer.ESPlorer</logger>
  <level>INFO</level>
  <class>ESPlorer.ESPlorer</class>
  <method>log</method>
  <thread>13</thread>
  <message>FileTab removed: Success.</message>
</record>
<record>
  <date>2016-04-11T16:05:44</date>
  <millis>1460383544524</millis>
  <sequence>61</sequence>
  <logger>ESPlorer.ESPlorer</logger>
  <level>INFO</level>
  <class>ESPlorer.ESPlorer</class>
  <method>log</method>
  <thread>13</thread>
  <message>File close: Success.</message>
</record>
<record>
  <date>2016-04-11T16:05:44</date>
  <millis>1460383544525</millis>
  <sequence>62</sequence>
  <logger>ESPlorer.ESPlorer</logger>
  <level>INFO</level>
  <class>ESPlorer.ESPlorer</class>
  <method>log</method>
  <thread>13</thread>
  <message>File changed. Ask before closing.</message>
</record>
<record>
  <date>2016-04-11T16:05:44</date>
  <millis>1460383544921</millis>
  <sequence>63</sequence>
  <logger>ESPlorer.ESPlorer</logger>
  <level>INFO</level>
  <class>ESPlorer.ESPlorer</class>
  <method>log</method>
  <thread>13</thread>
  <message>We save known file gpioLib.lua</message>
</record>
<record>
  <date>2016-04-11T16:05:44</date>
  <millis>1460383544922</millis>
  <sequence>64</sequence>
  <logger>ESPlorer.ESPlorer</logger>
  <level>INFO</level>
  <class>ESPlorer.ESPlorer</class>
  <method>log</method>
  <thread>13</thread>
  <message>Try to saving file gpioLib.lua ...</message>
</record>
<record>
  <date>2016-04-11T16:05:44</date>
  <millis>1460383544924</millis>
  <sequence>65</sequence>
  <logger>ESPlorer.ESPlorer</logger>
  <level>INFO</level>
  <class>ESPlorer.ESPlorer</class>
  <method>log</method>
  <thread>13</thread>
  <message>Save file gpioLib.lua: Success.</message>
</record>
<record>
  <date>2016-04-11T16:05:44</date>
  <millis>1460383544927</millis>
  <sequence>66</sequence>
  <logger>ESPlorer.ESPlorer</logger>
  <level>INFO</level>
  <class>ESPlorer.ESPlorer</class>
  <method>log</method>
  <thread>13</thread>
  <message>FileTab removed: Success.</message>
</record>
<record>
  <date>2016-04-11T16:05:44</date>
  <millis>1460383544928</millis>
  <sequence>67</sequence>
  <logger>ESPlorer.ESPlorer</logger>
  <level>INFO</level>
  <class>ESPlorer.ESPlorer</class>
  <method>log</method>
  <thread>13</thread>
  <message>File close: Success.</message>
</record>
<record>
  <date>2016-04-11T16:05:44</date>
  <millis>1460383544929</millis>
  <sequence>68</sequence>
  <logger>ESPlorer.ESPlorer</logger>
  <level>INFO</level>
  <class>ESPlorer.ESPlorer</class>
  <method>log</method>
  <thread>13</thread>
  <message>File changed. Ask before closing.</message>
</record>
<record>
  <date>2016-04-11T16:05:45</date>
  <millis>1460383545311</millis>
  <sequence>69</sequence>
  <logger>ESPlorer.ESPlorer</logger>
  <level>INFO</level>
  <class>ESPlorer.ESPlorer</class>
  <method>log</method>
  <thread>13</thread>
  <message>We save known file files.lua</message>
</record>
<record>
  <date>2016-04-11T16:05:45</date>
  <millis>1460383545312</millis>
  <sequence>70</sequence>
  <logger>ESPlorer.ESPlorer</logger>
  <level>INFO</level>
  <class>ESPlorer.ESPlorer</class>
  <method>log</method>
  <thread>13</thread>
  <message>Try to saving file files.lua ...</message>
</record>
<record>
  <date>2016-04-11T16:05:45</date>
  <millis>1460383545314</millis>
  <sequence>71</sequence>
  <logger>ESPlorer.ESPlorer</logger>
  <level>INFO</level>
  <class>ESPlorer.ESPlorer</class>
  <method>log</method>
  <thread>13</thread>
  <message>Save file files.lua: Success.</message>
</record>
<record>
  <date>2016-04-11T16:05:45</date>
  <millis>1460383545317</millis>
  <sequence>72</sequence>
  <logger>ESPlorer.ESPlorer</logger>
  <level>INFO</level>
  <class>ESPlorer.ESPlorer</class>
  <method>log</method>
  <thread>13</thread>
  <message>FileTab removed: Success.</message>
</record>
<record>
  <date>2016-04-11T16:05:45</date>
  <millis>1460383545318</millis>
  <sequence>73</sequence>
  <logger>ESPlorer.ESPlorer</logger>
  <level>INFO</level>
  <class>ESPlorer.ESPlorer</class>
  <method>log</method>
  <thread>13</thread>
  <message>File close: Success.</message>
</record>
<record>
  <date>2016-04-11T16:05:45</date>
  <millis>1460383545319</millis>
  <sequence>74</sequence>
  <logger>ESPlorer.ESPlorer</logger>
  <level>INFO</level>
  <class>ESPlorer.ESPlorer</class>
  <method>log</method>
  <thread>13</thread>
  <message>File changed. Ask before closing.</message>
</record>
<record>
  <date>2016-04-11T16:05:45</date>
  <millis>1460383545747</millis>
  <sequence>75</sequence>
  <logger>ESPlorer.ESPlorer</logger>
  <level>INFO</level>
  <class>ESPlorer.ESPlorer</class>
  <method>log</method>
  <thread>13</thread>
  <message>We save known file init.lua</message>
</record>
<record>
  <date>2016-04-11T16:05:45</date>
  <millis>1460383545748</millis>
  <sequence>76</sequence>
  <logger>ESPlorer.ESPlorer</logger>
  <level>INFO</level>
  <class>ESPlorer.ESPlorer</class>
  <method>log</method>
  <thread>13</thread>
  <message>Try to saving file init.lua ...</message>
</record>
<record>
  <date>2016-04-11T16:05:45</date>
  <millis>1460383545749</millis>
  <sequence>77</sequence>
  <logger>ESPlorer.ESPlorer</logger>
  <level>INFO</level>
  <class>ESPlorer.ESPlorer</class>
  <method>log</method>
  <thread>13</thread>
  <message>Save file init.lua: Success.</message>
</record>
<record>
  <date>2016-04-11T16:05:45</date>
  <millis>1460383545815</millis>
  <sequence>78</sequence>
  <logger>ESPlorer.ESPlorer</logger>
  <level>INFO</level>
  <class>ESPlorer.ESPlorer</class>
  <method>log</method>
  <thread>13</thread>
  <message>FileTab cleared: Success.</message>
</record>
<record>
  <date>2016-04-11T16:05:45</date>
  <millis>1460383545815</millis>
  <sequence>79</sequence>
  <logger>ESPlorer.ESPlorer</logger>
  <level>INFO</level>
  <class>ESPlorer.ESPlorer</class>
  <method>log</method>
  <thread>13</thread>
  <message>File close: Success.</message>
</record>
</log>
